2017-05-12 15:10:44,152> SMS Gateway Start!-----------------------------------------------------------------------------------------------
2017-05-12 15:10:44,262> Oracle Initializes the connection pooling
2017-05-12 15:10:45,624> Starting traffic watcher...
2017-05-12 15:10:45,669> Forwarder: [vnpay] Bind request (bindreq: (pdu: 0 9 0 [1]) vnpay1 vnpay1 smpp 52 (addrrang: 1 1 ) ) 
2017-05-12 15:10:45,817> Forwarder: [vnpay] Bind response (bindresp: (pdu: 29 80000009 0 1) Inetlab.SMPP) 
2017-05-12 15:11:00,726> Forwarder: [vnpay] Enquire Link request (enquirelink: (pdu: 0 15 0 [2]) ) 
2017-05-12 15:11:00,732> Forwarder: [vnpay] Received response PDU (enquirelink_resp: (pdu: 16 80000015 0 2) ) 
2017-05-12 15:11:15,728> Forwarder: [vnpay] Enquire Link request (enquirelink: (pdu: 0 15 0 [3]) ) 
2017-05-12 15:11:15,729> Forwarder: [vnpay] Received response PDU (enquirelink_resp: (pdu: 16 80000015 0 3) ) 
2017-05-12 15:11:30,729> Forwarder: [vnpay] Enquire Link request (enquirelink: (pdu: 0 15 0 [4]) ) 
2017-05-12 15:11:30,729> Forwarder: [vnpay] Received response PDU (enquirelink_resp: (pdu: 16 80000015 0 4) ) 
2017-05-12 15:11:45,729> Forwarder: [vnpay] Enquire Link request (enquirelink: (pdu: 0 15 0 [5]) ) 
2017-05-12 15:11:45,730> Forwarder: [vnpay] Received response PDU (enquirelink_resp: (pdu: 16 80000015 0 5) ) 
2017-05-12 15:12:00,729> Forwarder: [vnpay] Enquire Link request (enquirelink: (pdu: 0 15 0 [6]) ) 
2017-05-12 15:12:00,730> Forwarder: [vnpay] Received response PDU (enquirelink_resp: (pdu: 16 80000015 0 6) ) 
2017-05-12 15:12:15,730> Forwarder: [vnpay] Enquire Link request (enquirelink: (pdu: 0 15 0 [7]) ) 
2017-05-12 15:12:15,731> Forwarder: [vnpay] Received response PDU (enquirelink_resp: (pdu: 16 80000015 0 7) ) 
2017-05-12 15:12:30,731> Forwarder: [vnpay] Enquire Link request (enquirelink: (pdu: 0 15 0 [8]) ) 
2017-05-12 15:12:30,731> Forwarder: [vnpay] Received response PDU (enquirelink_resp: (pdu: 16 80000015 0 8) ) 
2017-05-12 15:12:45,731> Forwarder: [vnpay] Enquire Link request (enquirelink: (pdu: 0 15 0 [9]) ) 
2017-05-12 15:12:45,732> Forwarder: [vnpay] Received response PDU (enquirelink_resp: (pdu: 16 80000015 0 9) ) 
2017-05-12 15:13:00,733> Forwarder: [vnpay] Enquire Link request (enquirelink: (pdu: 0 15 0 [10]) ) 
2017-05-12 15:13:00,733> Forwarder: [vnpay] Received response PDU (enquirelink_resp: (pdu: 16 80000015 0 10) ) 
2017-05-12 15:13:15,733> Forwarder: [vnpay] Enquire Link request (enquirelink: (pdu: 0 15 0 [11]) ) 
2017-05-12 15:13:15,733> Forwarder: [vnpay] Received response PDU (enquirelink_resp: (pdu: 16 80000015 0 11) ) 
2017-05-12 15:13:30,734> Forwarder: [vnpay] Enquire Link request (enquirelink: (pdu: 0 15 0 [12]) ) 
2017-05-12 15:13:30,736> Forwarder: [vnpay] Received response PDU (enquirelink_resp: (pdu: 16 80000015 0 12) ) 
2017-05-12 15:13:45,737> Forwarder: [vnpay] Enquire Link request (enquirelink: (pdu: 0 15 0 [13]) ) 
2017-05-12 15:13:45,737> Forwarder: [vnpay] Received response PDU (enquirelink_resp: (pdu: 16 80000015 0 13) ) 
2017-05-12 15:14:00,737> Forwarder: [vnpay] Enquire Link request (enquirelink: (pdu: 0 15 0 [14]) ) 
2017-05-12 15:14:00,738> Forwarder: [vnpay] Received response PDU (enquirelink_resp: (pdu: 16 80000015 0 14) ) 
2017-05-12 15:14:15,738> Forwarder: [vnpay] Enquire Link request (enquirelink: (pdu: 0 15 0 [15]) ) 
2017-05-12 15:14:15,738> Forwarder: [vnpay] Received response PDU (enquirelink_resp: (pdu: 16 80000015 0 15) ) 
2017-05-12 15:14:30,738> Forwarder: [vnpay] Enquire Link request (enquirelink: (pdu: 0 15 0 [16]) ) 
2017-05-12 15:14:30,739> Forwarder: [vnpay] Received response PDU (enquirelink_resp: (pdu: 16 80000015 0 16) ) 
2017-05-12 15:14:45,739> Forwarder: [vnpay] Enquire Link request (enquirelink: (pdu: 0 15 0 [17]) ) 
2017-05-12 15:14:45,740> Forwarder: [vnpay] Received response PDU (enquirelink_resp: (pdu: 16 80000015 0 17) ) 
2017-05-12 15:15:00,740> Forwarder: [vnpay] Enquire Link request (enquirelink: (pdu: 0 15 0 [18]) ) 
2017-05-12 15:15:00,742> Forwarder: [vnpay] Received response PDU (enquirelink_resp: (pdu: 16 80000015 0 18) ) 
2017-05-12 15:15:15,742> Forwarder: [vnpay] Enquire Link request (enquirelink: (pdu: 0 15 0 [19]) ) 
2017-05-12 15:15:15,743> Forwarder: [vnpay] Received response PDU (enquirelink_resp: (pdu: 16 80000015 0 19) ) 
2017-05-12 15:15:30,743> Forwarder: [vnpay] Enquire Link request (enquirelink: (pdu: 0 15 0 [20]) ) 
2017-05-12 15:15:30,744> Forwarder: [vnpay] Received response PDU (enquirelink_resp: (pdu: 16 80000015 0 20) ) 
2017-05-12 15:15:45,743> Forwarder: [vnpay] Enquire Link request (enquirelink: (pdu: 0 15 0 [21]) ) 
2017-05-12 15:15:45,744> Forwarder: [vnpay] Received response PDU (enquirelink_resp: (pdu: 16 80000015 0 21) ) 
2017-05-12 15:16:00,743> Forwarder: [vnpay] Enquire Link request (enquirelink: (pdu: 0 15 0 [22]) ) 
2017-05-12 15:16:00,744> Forwarder: [vnpay] Received response PDU (enquirelink_resp: (pdu: 16 80000015 0 22) ) 
2017-05-12 15:16:15,745> Forwarder: [vnpay] Enquire Link request (enquirelink: (pdu: 0 15 0 [23]) ) 
2017-05-12 15:16:15,745> Forwarder: [vnpay] Received response PDU (enquirelink_resp: (pdu: 16 80000015 0 23) ) 
2017-05-12 15:16:30,745> Forwarder: [vnpay] Enquire Link request (enquirelink: (pdu: 0 15 0 [24]) ) 
2017-05-12 15:16:30,746> Forwarder: [vnpay] Received response PDU (enquirelink_resp: (pdu: 16 80000015 0 24) ) 
2017-05-12 15:16:45,745> Forwarder: [vnpay] Enquire Link request (enquirelink: (pdu: 0 15 0 [25]) ) 
2017-05-12 15:16:45,746> Forwarder: [vnpay] Received response PDU (enquirelink_resp: (pdu: 16 80000015 0 25) ) 
2017-05-12 15:17:00,746> Forwarder: [vnpay] Enquire Link request (enquirelink: (pdu: 0 15 0 [26]) ) 
2017-05-12 15:17:00,747> Forwarder: [vnpay] Received response PDU (enquirelink_resp: (pdu: 16 80000015 0 26) ) 
2017-05-12 15:17:15,746> Forwarder: [vnpay] Enquire Link request (enquirelink: (pdu: 0 15 0 [27]) ) 
2017-05-12 15:17:15,748> Forwarder: [vnpay] Received response PDU (enquirelink_resp: (pdu: 16 80000015 0 27) ) 
2017-05-12 15:17:30,747> Forwarder: [vnpay] Enquire Link request (enquirelink: (pdu: 0 15 0 [28]) ) 
2017-05-12 15:17:30,748> Forwarder: [vnpay] Received response PDU (enquirelink_resp: (pdu: 16 80000015 0 28) ) 
2017-05-12 15:17:45,747> Forwarder: [vnpay] Enquire Link request (enquirelink: (pdu: 0 15 0 [29]) ) 
2017-05-12 15:17:45,748> Forwarder: [vnpay] Received response PDU (enquirelink_resp: (pdu: 16 80000015 0 29) ) 
2017-05-12 15:18:00,747> Forwarder: [vnpay] Enquire Link request (enquirelink: (pdu: 0 15 0 [30]) ) 
2017-05-12 15:18:00,748> Forwarder: [vnpay] Received response PDU (enquirelink_resp: (pdu: 16 80000015 0 30) ) 
2017-05-12 15:18:15,748> Forwarder: [vnpay] Enquire Link request (enquirelink: (pdu: 0 15 0 [31]) ) 
2017-05-12 15:18:15,749> Forwarder: [vnpay] Received response PDU (enquirelink_resp: (pdu: 16 80000015 0 31) ) 
2017-05-12 15:18:30,749> Forwarder: [vnpay] Enquire Link request (enquirelink: (pdu: 0 15 0 [32]) ) 
2017-05-12 15:18:30,750> Forwarder: [vnpay] Received response PDU (enquirelink_resp: (pdu: 16 80000015 0 32) ) 
2017-05-12 15:18:45,749> Forwarder: [vnpay] Enquire Link request (enquirelink: (pdu: 0 15 0 [33]) ) 
2017-05-12 15:18:45,749> Forwarder: [vnpay] Received response PDU (enquirelink_resp: (pdu: 16 80000015 0 33) ) 
2017-05-12 15:19:00,750> Forwarder: [vnpay] Enquire Link request (enquirelink: (pdu: 0 15 0 [34]) ) 
2017-05-12 15:19:00,750> Forwarder: [vnpay] Received response PDU (enquirelink_resp: (pdu: 16 80000015 0 34) ) 
2017-05-12 15:19:15,750> Forwarder: [vnpay] Enquire Link request (enquirelink: (pdu: 0 15 0 [35]) ) 
2017-05-12 15:19:15,750> Forwarder: [vnpay] Received response PDU (enquirelink_resp: (pdu: 16 80000015 0 35) ) 
2017-05-12 15:19:30,751> Forwarder: [vnpay] Enquire Link request (enquirelink: (pdu: 0 15 0 [36]) ) 
2017-05-12 15:19:30,752> Forwarder: [vnpay] Received response PDU (enquirelink_resp: (pdu: 16 80000015 0 36) ) 
2017-05-12 15:19:45,751> Forwarder: [vnpay] Enquire Link request (enquirelink: (pdu: 0 15 0 [37]) ) 
2017-05-12 15:19:45,751> Forwarder: [vnpay] Received response PDU (enquirelink_resp: (pdu: 16 80000015 0 37) ) 
2017-05-12 15:20:00,752> Forwarder: [vnpay] Enquire Link request (enquirelink: (pdu: 0 15 0 [38]) ) 
2017-05-12 15:20:00,753> Forwarder: [vnpay] Received response PDU (enquirelink_resp: (pdu: 16 80000015 0 38) ) 
2017-05-12 15:20:15,752> Forwarder: [vnpay] Enquire Link request (enquirelink: (pdu: 0 15 0 [39]) ) 
2017-05-12 15:20:15,753> Forwarder: [vnpay] Received response PDU (enquirelink_resp: (pdu: 16 80000015 0 39) ) 
2017-05-12 15:20:30,753> Forwarder: [vnpay] Enquire Link request (enquirelink: (pdu: 0 15 0 [40]) ) 
2017-05-12 15:20:30,754> Forwarder: [vnpay] Received response PDU (enquirelink_resp: (pdu: 16 80000015 0 40) ) 
2017-05-12 15:20:45,753> Forwarder: [vnpay] Enquire Link request (enquirelink: (pdu: 0 15 0 [41]) ) 
2017-05-12 15:20:45,754> Forwarder: [vnpay] Received response PDU (enquirelink_resp: (pdu: 16 80000015 0 41) ) 
2017-05-12 15:20:50,909> SMS Gateway going to stop!
2017-05-12 15:20:50,913> Forwarder: [vnpay] Unbind operation failed: java.lang.NullPointerException
2017-05-12 15:20:50,918> SMS Gateway Stopped!
2017-05-12 15:29:50,676> SMS Gateway Start!-----------------------------------------------------------------------------------------------
2017-05-12 15:29:50,772> Oracle Initializes the connection pooling
2017-05-12 15:29:52,160> Starting traffic watcher...
2017-05-12 15:29:52,215> Forwarder: [vnpay] Bind request (bindreq: (pdu: 0 9 0 [1]) vnpay1 vnpay1 smpp 52 (addrrang: 1 1 ) ) 
2017-05-12 15:29:52,401> Forwarder: [vnpay] Bind response (bindresp: (pdu: 29 80000009 0 1) Inetlab.SMPP) 
2017-05-12 15:30:07,262> Forwarder: [vnpay] Enquire Link request (enquirelink: (pdu: 0 15 0 [2]) ) 
2017-05-12 15:30:07,276> Forwarder: [vnpay] Received response PDU (enquirelink_resp: (pdu: 16 80000015 0 2) ) 
2017-05-12 15:30:20,451> SMS Gateway going to stop!
2017-05-12 15:30:20,459> Forwarder: [vnpay] Unbind operation failed: java.lang.NullPointerException
2017-05-12 15:30:20,460> SMS Gateway Stopped!
